{"name":"Log","hostname":"53bde419f4c3","pid":1,"level":30,"msg":"Ghost is running in production...","time":"2022-01-20T14:15:08.246Z","v":0}
{"name":"Log","hostname":"53bde419f4c3","pid":1,"level":30,"msg":"Your site is now available on http://localhost:2368/","time":"2022-01-20T14:15:08.247Z","v":0}
{"name":"Log","hostname":"53bde419f4c3","pid":1,"level":30,"msg":"Ctrl+C to shut down","time":"2022-01-20T14:15:08.248Z","v":0}
{"name":"Log","hostname":"53bde419f4c3","pid":1,"level":30,"msg":"Ghost server started in 0.375s","time":"2022-01-20T14:15:08.251Z","v":0}
{"name":"Log","hostname":"53bde419f4c3","pid":1,"level":40,"msg":"Database state requires initialisation.","time":"2022-01-20T14:15:08.461Z","v":0}
{"name":"Log","hostname":"53bde419f4c3","pid":1,"level":30,"msg":"Creating table: posts","time":"2022-01-20T14:15:08.709Z","v":0}
{"name":"Log","hostname":"53bde419f4c3","pid":1,"level":30,"msg":"Creating table: posts_meta","time":"2022-01-20T14:15:08.730Z","v":0}
{"name":"Log","hostname":"53bde419f4c3","pid":1,"level":30,"msg":"Creating table: users","time":"2022-01-20T14:15:08.760Z","v":0}
{"name":"Log","hostname":"53bde419f4c3","pid":1,"level":30,"msg":"Creating table: oauth","time":"2022-01-20T14:15:08.796Z","v":0}
{"name":"Log","hostname":"53bde419f4c3","pid":1,"level":30,"msg":"Creating table: posts_authors","time":"2022-01-20T14:15:08.811Z","v":0}
{"name":"Log","hostname":"53bde419f4c3","pid":1,"level":30,"msg":"Creating table: roles","time":"2022-01-20T14:15:08.829Z","v":0}
{"name":"Log","hostname":"53bde419f4c3","pid":1,"level":30,"msg":"Creating table: roles_users","time":"2022-01-20T14:15:08.860Z","v":0}
{"name":"Log","hostname":"53bde419f4c3","pid":1,"level":30,"msg":"Creating table: permissions","time":"2022-01-20T14:15:08.876Z","v":0}
{"name":"Log","hostname":"53bde419f4c3","pid":1,"level":30,"msg":"Creating table: permissions_users","time":"2022-01-20T14:15:08.909Z","v":0}
{"name":"Log","hostname":"53bde419f4c3","pid":1,"level":30,"msg":"Creating table: permissions_roles","time":"2022-01-20T14:15:08.939Z","v":0}
{"name":"Log","hostname":"53bde419f4c3","pid":1,"level":30,"msg":"Creating table: settings","time":"2022-01-20T14:15:08.958Z","v":0}
{"name":"Log","hostname":"53bde419f4c3","pid":1,"level":30,"msg":"Creating table: tags","time":"2022-01-20T14:15:08.992Z","v":0}
{"name":"Log","hostname":"53bde419f4c3","pid":1,"level":30,"msg":"Creating table: posts_tags","time":"2022-01-20T14:15:09.027Z","v":0}
{"name":"Log","hostname":"53bde419f4c3","pid":1,"level":30,"msg":"Creating table: invites","time":"2022-01-20T14:15:09.049Z","v":0}
{"name":"Log","hostname":"53bde419f4c3","pid":1,"level":30,"msg":"Creating table: brute","time":"2022-01-20T14:15:09.102Z","v":0}
{"name":"Log","hostname":"53bde419f4c3","pid":1,"level":30,"msg":"Creating table: sessions","time":"2022-01-20T14:15:09.123Z","v":0}
{"name":"Log","hostname":"53bde419f4c3","pid":1,"level":30,"msg":"Creating table: integrations","time":"2022-01-20T14:15:09.159Z","v":0}
{"name":"Log","hostname":"53bde419f4c3","pid":1,"level":30,"msg":"Creating table: webhooks","time":"2022-01-20T14:15:09.199Z","v":0}
{"name":"Log","hostname":"53bde419f4c3","pid":1,"level":30,"msg":"Creating table: api_keys","time":"2022-01-20T14:15:09.216Z","v":0}
{"name":"Log","hostname":"53bde419f4c3","pid":1,"level":30,"msg":"Creating table: mobiledoc_revisions","time":"2022-01-20T14:15:09.247Z","v":0}
{"name":"Log","hostname":"53bde419f4c3","pid":1,"level":30,"msg":"Creating table: members","time":"2022-01-20T14:15:09.287Z","v":0}
{"name":"Log","hostname":"53bde419f4c3","pid":1,"level":30,"msg":"Creating table: products","time":"2022-01-20T14:15:09.340Z","v":0}
{"name":"Log","hostname":"53bde419f4c3","pid":1,"level":30,"msg":"Creating table: offers","time":"2022-01-20T14:15:09.366Z","v":0}
{"name":"Log","hostname":"53bde419f4c3","pid":1,"level":30,"msg":"Creating table: benefits","time":"2022-01-20T14:15:09.417Z","v":0}
{"name":"Log","hostname":"53bde419f4c3","pid":1,"level":30,"msg":"Creating table: products_benefits","time":"2022-01-20T14:15:09.442Z","v":0}
{"name":"Log","hostname":"53bde419f4c3","pid":1,"level":30,"msg":"Creating table: members_products","time":"2022-01-20T14:15:09.459Z","v":0}
{"name":"Log","hostname":"53bde419f4c3","pid":1,"level":30,"msg":"Creating table: members_payment_events","time":"2022-01-20T14:15:09.487Z","v":0}
{"name":"Log","hostname":"53bde419f4c3","pid":1,"level":30,"msg":"Creating table: members_login_events","time":"2022-01-20T14:15:09.510Z","v":0}
{"name":"Log","hostname":"53bde419f4c3","pid":1,"level":30,"msg":"Creating table: members_email_change_events","time":"2022-01-20T14:15:09.534Z","v":0}
{"name":"Log","hostname":"53bde419f4c3","pid":1,"level":30,"msg":"Creating table: members_status_events","time":"2022-01-20T14:15:09.555Z","v":0}
{"name":"Log","hostname":"53bde419f4c3","pid":1,"level":30,"msg":"Creating table: members_product_events","time":"2022-01-20T14:15:09.578Z","v":0}
{"name":"Log","hostname":"53bde419f4c3","pid":1,"level":30,"msg":"Creating table: members_paid_subscription_events","time":"2022-01-20T14:15:09.597Z","v":0}
{"name":"Log","hostname":"53bde419f4c3","pid":1,"level":30,"msg":"Creating table: labels","time":"2022-01-20T14:15:09.624Z","v":0}
{"name":"Log","hostname":"53bde419f4c3","pid":1,"level":30,"msg":"Creating table: members_labels","time":"2022-01-20T14:15:09.669Z","v":0}
{"name":"Log","hostname":"53bde419f4c3","pid":1,"level":30,"msg":"Creating table: members_stripe_customers","time":"2022-01-20T14:15:09.693Z","v":0}
{"name":"Log","hostname":"53bde419f4c3","pid":1,"level":30,"msg":"Creating table: members_stripe_customers_subscriptions","time":"2022-01-20T14:15:09.722Z","v":0}
{"name":"Log","hostname":"53bde419f4c3","pid":1,"level":30,"msg":"Creating table: offer_redemptions","time":"2022-01-20T14:15:09.768Z","v":0}
{"name":"Log","hostname":"53bde419f4c3","pid":1,"level":30,"msg":"Creating table: members_subscribe_events","time":"2022-01-20T14:15:09.781Z","v":0}
{"name":"Log","hostname":"53bde419f4c3","pid":1,"level":30,"msg":"Creating table: stripe_products","time":"2022-01-20T14:15:09.802Z","v":0}
{"name":"Log","hostname":"53bde419f4c3","pid":1,"level":30,"msg":"Creating table: stripe_prices","time":"2022-01-20T14:15:09.841Z","v":0}
{"name":"Log","hostname":"53bde419f4c3","pid":1,"level":30,"msg":"Creating table: actions","time":"2022-01-20T14:15:09.870Z","v":0}
{"name":"Log","hostname":"53bde419f4c3","pid":1,"level":30,"msg":"Creating table: emails","time":"2022-01-20T14:15:09.889Z","v":0}
{"name":"Log","hostname":"53bde419f4c3","pid":1,"level":30,"msg":"Creating table: email_batches","time":"2022-01-20T14:15:09.935Z","v":0}
{"name":"Log","hostname":"53bde419f4c3","pid":1,"level":30,"msg":"Creating table: email_recipients","time":"2022-01-20T14:15:09.946Z","v":0}
{"name":"Log","hostname":"53bde419f4c3","pid":1,"level":30,"msg":"Creating table: tokens","time":"2022-01-20T14:15:10.026Z","v":0}
{"name":"Log","hostname":"53bde419f4c3","pid":1,"level":30,"msg":"Creating table: snippets","time":"2022-01-20T14:15:10.054Z","v":0}
{"name":"Log","hostname":"53bde419f4c3","pid":1,"level":30,"msg":"Creating table: temp_member_analytic_events","time":"2022-01-20T14:15:10.084Z","v":0}
{"name":"Log","hostname":"53bde419f4c3","pid":1,"level":30,"msg":"Creating table: custom_theme_settings","time":"2022-01-20T14:15:10.099Z","v":0}
{"name":"Log","hostname":"53bde419f4c3","pid":1,"level":30,"msg":"Model: Product","time":"2022-01-20T14:15:10.144Z","v":0}
{"name":"Log","hostname":"53bde419f4c3","pid":1,"level":30,"msg":"Model: Tag","time":"2022-01-20T14:15:10.188Z","v":0}
{"name":"Log","hostname":"53bde419f4c3","pid":1,"level":30,"msg":"Model: Role","time":"2022-01-20T14:15:10.206Z","v":0}
{"name":"Log","hostname":"53bde419f4c3","pid":1,"level":30,"msg":"Model: Permission","time":"2022-01-20T14:15:10.250Z","v":0}
{"name":"Log","hostname":"53bde419f4c3","pid":1,"level":30,"msg":"Model: User","time":"2022-01-20T14:15:10.563Z","v":0}
{"name":"Log","hostname":"53bde419f4c3","pid":1,"level":30,"msg":"Model: Post","time":"2022-01-20T14:15:11.218Z","v":0}
{"name":"Log","hostname":"53bde419f4c3","pid":1,"level":30,"msg":"Model: Integration","time":"2022-01-20T14:15:11.813Z","v":0}
{"name":"Log","hostname":"53bde419f4c3","pid":1,"level":30,"msg":"Relation: Role to Permission","time":"2022-01-20T14:15:11.860Z","v":0}
{"name":"Log","hostname":"53bde419f4c3","pid":1,"level":30,"msg":"Relation: Post to Tag","time":"2022-01-20T14:15:12.084Z","v":0}
{"name":"Log","hostname":"53bde419f4c3","pid":1,"level":30,"msg":"Relation: User to Role","time":"2022-01-20T14:15:12.117Z","v":0}
{"name":"Log","hostname":"53bde419f4c3","pid":1,"level":30,"msg":"Database is in a ready state.","time":"2022-01-20T14:15:12.261Z","v":0}
{"name":"Log","hostname":"53bde419f4c3","pid":1,"level":30,"msg":"Ghost database ready in 4.385s","time":"2022-01-20T14:15:12.262Z","v":0}
{"name":"Log","hostname":"53bde419f4c3","pid":1,"level":30,"msg":"Ghost URL Service Ready in 7.664s","time":"2022-01-20T14:15:15.541Z","v":0}
{"name":"Log","hostname":"53bde419f4c3","pid":1,"level":30,"msg":"Ghost booted in 7.687s","time":"2022-01-20T14:15:15.564Z","v":0}
{"name":"Log","hostname":"53bde419f4c3","pid":1,"level":30,"msg":"Adding offloaded job to the queue","time":"2022-01-20T14:15:15.572Z","v":0}
{"name":"Log","hostname":"53bde419f4c3","pid":1,"level":30,"msg":"Scheduling job update-check at 46 33 23 * * *. Next run on: Thu Jan 20 2022 23:33:46 GMT+0000 (Coordinated Universal Time)","time":"2022-01-20T14:15:15.587Z","v":0}
{"name":"Log","hostname":"53bde419f4c3","pid":1,"level":30,"req":{"meta":{"requestId":"f1a207bb-7b85-49b8-89df-87704d131ef6","userId":null},"url":"/favicon.ico","method":"GET","originalUrl":"/favicon.ico","params":{},"headers":{"user-agent":"Mozilla/5.0 Safari/537.36","accept-encoding":"gzip, deflate","host":"localhost:2368","connection":"close"},"query":{}},"res":{"_headers":{"x-powered-by":"Express","content-type":"image/x-icon","etag":"\"a9c6dbdcdc3ae568f4e0dad92149a0e3\"","cache-control":"public, max-age=86400","vary":"Accept-Encoding","content-encoding":"gzip"},"statusCode":200,"responseTime":"8ms"},"msg":"","time":"2022-01-20T14:15:23.953Z","v":0}
{"name":"Log","hostname":"53bde419f4c3","pid":1,"level":30,"req":{"meta":{"requestId":"56e1161b-c789-4afb-9a36-0058df3561fe","userId":null},"url":"/","method":"GET","originalUrl":"/","params":{},"headers":{"host":"localhost:60000","connection":"keep-alive","sec-ch-ua":"\" Not;A Brand\";v=\"99\", \"Google Chrome\";v=\"97\", \"Chromium\";v=\"97\"","sec-ch-ua-mobile":"?0","sec-ch-ua-platform":"\"macOS\"","upgrade-insecure-requests":"1","user-agent":"Mozilla/5.0 (Macintosh; Intel Mac OS X 10_15_7) AppleWebKit/537.36 (KHTML, like Gecko) Chrome/97.0.4692.71 Safari/537.36","accept":"text/html,application/xhtml+xml,application/xml;q=0.9,image/avif,image/webp,image/apng,*/*;q=0.8,application/signed-exchange;v=b3;q=0.9","sec-fetch-site":"none","sec-fetch-mode":"navigate","sec-fetch-user":"?1","sec-fetch-dest":"document","accept-encoding":"gzip, deflate, br","accept-language":"ko-KR,ko;q=0.9,en-US;q=0.8,en;q=0.7"},"query":{}},"res":{"_headers":{"x-powered-by":"Express","cache-control":"public, max-age=0","content-type":"text/html; charset=utf-8","etag":"W/\"5e1b-2LTkPsEM/6etzonqNrXiiFhWq+8\"","vary":"Accept-Encoding","content-encoding":"gzip"},"statusCode":200,"responseTime":"558ms"},"msg":"","time":"2022-01-20T14:15:24.235Z","v":0}
{"name":"Log","hostname":"53bde419f4c3","pid":1,"level":30,"req":{"meta":{"requestId":"5ffa110a-de74-4c88-b3ce-60cb7fe4e280","userId":null},"url":"/assets/built/screen.css?v=7afa778ba1","method":"GET","originalUrl":"/assets/built/screen.css?v=7afa778ba1","params":{},"headers":{"host":"localhost:60000","connection":"keep-alive","sec-ch-ua":"\" Not;A Brand\";v=\"99\", \"Google Chrome\";v=\"97\", \"Chromium\";v=\"97\"","sec-ch-ua-mobile":"?0","user-agent":"Mozilla/5.0 (Macintosh; Intel Mac OS X 10_15_7) AppleWebKit/537.36 (KHTML, like Gecko) Chrome/97.0.4692.71 Safari/537.36","sec-ch-ua-platform":"\"macOS\"","accept":"text/css,*/*;q=0.1","sec-fetch-site":"same-origin","sec-fetch-mode":"no-cors","sec-fetch-dest":"style","referer":"http://localhost:60000/","accept-encoding":"gzip, deflate, br","accept-language":"ko-KR,ko;q=0.9,en-US;q=0.8,en;q=0.7"},"query":{"v":"7afa778ba1"}},"res":{"_headers":{"x-powered-by":"Express","accept-ranges":"bytes","cache-control":"public, max-age=31536000","last-modified":"Sat, 26 Oct 1985 08:15:00 GMT","etag":"W/\"7f2c-7438674ba0\"","content-type":"text/css; charset=UTF-8","vary":"Accept-Encoding","content-encoding":"gzip"},"statusCode":200,"responseTime":"16ms"},"msg":"","time":"2022-01-20T14:15:24.313Z","v":0}
{"name":"Log","hostname":"53bde419f4c3","pid":1,"level":30,"req":{"meta":{"requestId":"0a788b35-2927-40a7-8114-c0db4a3e3e4c","userId":null},"url":"/public/cards.min.css?v=7afa778ba1","method":"GET","originalUrl":"/public/cards.min.css?v=7afa778ba1","params":{},"headers":{"host":"localhost:60000","connection":"keep-alive","sec-ch-ua":"\" Not;A Brand\";v=\"99\", \"Google Chrome\";v=\"97\", \"Chromium\";v=\"97\"","sec-ch-ua-mobile":"?0","user-agent":"Mozilla/5.0 (Macintosh; Intel Mac OS X 10_15_7) AppleWebKit/537.36 (KHTML, like Gecko) Chrome/97.0.4692.71 Safari/537.36","sec-ch-ua-platform":"\"macOS\"","accept":"text/css,*/*;q=0.1","sec-fetch-site":"same-origin","sec-fetch-mode":"no-cors","sec-fetch-dest":"style","referer":"http://localhost:60000/","accept-encoding":"gzip, deflate, br","accept-language":"ko-KR,ko;q=0.9,en-US;q=0.8,en;q=0.7"},"query":{"v":"7afa778ba1"}},"res":{"_headers":{"x-powered-by":"Express","content-type":"text/css","etag":"\"d5cc0dc6d59a379d442f2bce80934735\"","cache-control":"public, max-age=31536000","vary":"Accept-Encoding","content-encoding":"gzip"},"statusCode":200,"responseTime":"16ms"},"msg":"","time":"2022-01-20T14:15:24.318Z","v":0}
{"name":"Log","hostname":"53bde419f4c3","pid":1,"level":30,"req":{"meta":{"requestId":"c8f739f0-69f5-4360-b5d9-994ee2ef6bcb","userId":null},"url":"/assets/built/casper.js?v=7afa778ba1","method":"GET","originalUrl":"/assets/built/casper.js?v=7afa778ba1","params":{},"headers":{"host":"localhost:60000","connection":"keep-alive","sec-ch-ua":"\" Not;A Brand\";v=\"99\", \"Google Chrome\";v=\"97\", \"Chromium\";v=\"97\"","sec-ch-ua-mobile":"?0","user-agent":"Mozilla/5.0 (Macintosh; Intel Mac OS X 10_15_7) AppleWebKit/537.36 (KHTML, like Gecko) Chrome/97.0.4692.71 Safari/537.36","sec-ch-ua-platform":"\"macOS\"","accept":"*/*","sec-fetch-site":"same-origin","sec-fetch-mode":"no-cors","sec-fetch-dest":"script","referer":"http://localhost:60000/","accept-encoding":"gzip, deflate, br","accept-language":"ko-KR,ko;q=0.9,en-US;q=0.8,en;q=0.7"},"query":{"v":"7afa778ba1"}},"res":{"_headers":{"x-powered-by":"Express","accept-ranges":"bytes","cache-control":"public, max-age=31536000","last-modified":"Sat, 26 Oct 1985 08:15:00 GMT","etag":"W/\"b32-7438674ba0\"","content-type":"application/javascript; charset=UTF-8","vary":"Accept-Encoding","content-encoding":"gzip"},"statusCode":200,"responseTime":"6ms"},"msg":"","time":"2022-01-20T14:15:24.398Z","v":0}
{"name":"Log","hostname":"53bde419f4c3","pid":1,"level":30,"req":{"meta":{"requestId":"2f02aa11-2836-4e86-9de8-d448b8cb1b89","userId":null},"url":"/public/cards.min.js?v=7afa778ba1","method":"GET","originalUrl":"/public/cards.min.js?v=7afa778ba1","params":{},"headers":{"host":"localhost:60000","connection":"keep-alive","sec-ch-ua":"\" Not;A Brand\";v=\"99\", \"Google Chrome\";v=\"97\", \"Chromium\";v=\"97\"","sec-ch-ua-mobile":"?0","user-agent":"Mozilla/5.0 (Macintosh; Intel Mac OS X 10_15_7) AppleWebKit/537.36 (KHTML, like Gecko) Chrome/97.0.4692.71 Safari/537.36","sec-ch-ua-platform":"\"macOS\"","accept":"*/*","sec-fetch-site":"same-origin","sec-fetch-mode":"no-cors","sec-fetch-dest":"script","referer":"http://localhost:60000/","accept-encoding":"gzip, deflate, br","accept-language":"ko-KR,ko;q=0.9,en-US;q=0.8,en;q=0.7"},"query":{"v":"7afa778ba1"}},"res":{"_headers":{"x-powered-by":"Express","content-type":"application/javascript","etag":"\"405a0d44ab4fb289d3c7c84de0f7a6de\"","cache-control":"public, max-age=31536000","vary":"Accept-Encoding","content-encoding":"gzip"},"statusCode":200,"responseTime":"9ms"},"msg":"","time":"2022-01-20T14:15:24.400Z","v":0}
{"name":"Log","hostname":"53bde419f4c3","pid":1,"level":30,"req":{"meta":{"requestId":"7b19fde8-b2a7-4468-a5a0-4d0d1e9a93d7","userId":null},"url":"/favicon.ico","method":"GET","originalUrl":"/favicon.ico","params":{},"headers":{"host":"localhost:60000","connection":"keep-alive","sec-ch-ua":"\" Not;A Brand\";v=\"99\", \"Google Chrome\";v=\"97\", \"Chromium\";v=\"97\"","sec-ch-ua-mobile":"?0","user-agent":"Mozilla/5.0 (Macintosh; Intel Mac OS X 10_15_7) AppleWebKit/537.36 (KHTML, like Gecko) Chrome/97.0.4692.71 Safari/537.36","sec-ch-ua-platform":"\"macOS\"","accept":"image/avif,image/webp,image/apng,image/svg+xml,image/*,*/*;q=0.8","sec-fetch-site":"same-origin","sec-fetch-mode":"no-cors","sec-fetch-dest":"image","referer":"http://localhost:60000/","accept-encoding":"gzip, deflate, br","accept-language":"ko-KR,ko;q=0.9,en-US;q=0.8,en;q=0.7"},"query":{}},"res":{"_headers":{"x-powered-by":"Express","content-type":"image/x-icon","etag":"\"a9c6dbdcdc3ae568f4e0dad92149a0e3\"","cache-control":"public, max-age=86400","vary":"Accept-Encoding","content-encoding":"gzip"},"statusCode":200,"responseTime":"5ms"},"msg":"","time":"2022-01-20T14:15:25.323Z","v":0}
